


ARM Macro Assembler    Page 1 


    1 00000000         
    2 00000000         
    3 00000000 00000800 
                       Stack_Size
                               EQU              0x00000800
    4 00000000         
    5 00000000                 AREA             STACK, NOINIT, READWRITE, ALIGN
=3
    6 00000000         Stack_Mem
                               SPACE            Stack_Size
    7 00000800         __initial_sp
    8 00000800         
    9 00000800 00000000 
                       Heap_Size
                               EQU              0x00000000
   10 00000800         
   11 00000800                 AREA             HEAP, NOINIT, READWRITE, ALIGN=
3
   12 00000000         __heap_base
   13 00000000         Heap_Mem
                               SPACE            Heap_Size
   14 00000000         __heap_limit
   15 00000000         
   16 00000000         
   17 00000000                 PRESERVE8
   18 00000000                 THUMB
   19 00000000         
   20 00000000         ; Vector Table Mapped to Address 0 at Reset
   21 00000000         
   22 00000000                 AREA             RESET, DATA, READONLY
   23 00000000                 EXPORT           __Vectors
   24 00000000                 EXPORT           __Vectors_End
   25 00000000                 EXPORT           __Vectors_Size
   26 00000000         
   27 00000000 00000000 
                       __Vectors
                               DCD              __initial_sp ; Top of Stack
   28 00000004 00000000        DCD              Reset_Handler ; Reset Handler
   29 00000008 00000000        DCD              NMI_Handler ; NMI Handler
   30 0000000C 00000000        DCD              HardFault_Handler ; Hard Fault 
                                                            Handler
   31 00000010 00000000        DCD              MemManage_Handler 
                                                            ; MPU Fault Handler
                                                            
   32 00000014 00000000        DCD              BusFault_Handler 
                                                            ; Bus Fault Handler
                                                            
   33 00000018 00000000        DCD              UsageFault_Handler ; Usage Faul
                                                            t Handler
   34 0000001C 00000000        DCD              0           ; Reserved
   35 00000020 00000000        DCD              0           ; Reserved
   36 00000024 00000000        DCD              0           ; Reserved
   37 00000028 00000000        DCD              0           ; Reserved
   38 0000002C 00000000        DCD              SVC_Handler ; SVCall Handler
   39 00000030 00000000        DCD              DebugMon_Handler ; Debug Monito
                                                            r Handler
   40 00000034 00000000        DCD              0           ; Reserved
   41 00000038 00000000        DCD              PendSV_Handler ; PendSV Handler
                                                            



ARM Macro Assembler    Page 2 


   42 0000003C 00000000        DCD              SysTick_Handler 
                                                            ; SysTick Handler
   43 00000040         
   44 00000040         ; External Interrupts
   45 00000040         ; ToDo:  Add here the vectors for the device specific ex
                       ternal interrupts handler
   46 00000040 00000000        DCD              BLE_Handler
   47 00000044 00000000        DCD              DMAS_Handler
   48 00000048 00000000        DCD              CPR_Handler
   49 0000004C 00000000        DCD              GPIO_Handler
   50 00000050 00000000        DCD              RTC_Handler
   51 00000054 00000000        DCD              TIMER0_Handler
   52 00000058 00000000        DCD              TIMER1_Handler
   53 0000005C 00000000        DCD              TIMER2_Handler
   54 00000060 00000000        DCD              TIMER3_Handler
   55 00000064 00000000        DCD              WDT_Handler
   56 00000068 00000000        DCD              I2C_Handler
   57 0000006C 00000000        DCD              UART0_Handler
   58 00000070 00000000        DCD              UART1_Handler
   59 00000074 00000000        DCD              SPI0_Handler
   60 00000078 00000000        DCD              SPI1_Handler
   61 0000007C 00000000        DCD              KBS_Handler
   62 00000080 00000000        DCD              QDEC_Handler
   63 00000084 00000000        DCD              GADC_Handler
   64 00000088 00000000        DCD              SIM_Handler
   65 0000008C 00000000        DCD              AES_Handler
   66 00000090         
   67 00000090         __Vectors_End
   68 00000090         
   69 00000090 00000090 
                       __Vectors_Size
                               EQU              __Vectors_End - __Vectors
   70 00000090         
   71 00000090         
   72 00000090         
   73 00000090                 AREA             |.text|, CODE, READONLY
   74 00000000         ; Reset Handler
   75 00000000         
   76 00000000         Reset_Handler
                               PROC
   77 00000000         
   78 00000000                 EXPORT           Reset_Handler           [WEAK]
   79 00000000         
   80 00000000                 IMPORT           SystemInit
   81 00000000                 IMPORT           __main
   82 00000000         
   83 00000000 480A            LDR              r0, =0x4000013C ; remap
   84 00000002 490B            LDR              r1, =0x10000001
   85 00000004 6001            STR              r1, [r0]
   86 00000006         
   87 00000006         
   88 00000006         
   89 00000006 480B            LDR              R0, =SystemInit
   90 00000008 4780            BLX              R0
   91 0000000A         
   92 0000000A 480B            LDR              R0, =__main
   93 0000000C 4700            BX               R0
   94 0000000E         
   95 0000000E                 ENDP



ARM Macro Assembler    Page 3 


   96 0000000E         
   97 0000000E         ; Dummy Exception Handlers (infinite loops which can be 
                       modified)
   98 0000000E         NMI_Handler
                               PROC
   99 0000000E                 EXPORT           NMI_Handler               [WEAK
]
  100 0000000E E7FE            B                .
  101 00000010                 ENDP
  102 00000010         
  103 00000010         
  105 00000010         HardFault_Handler
                               PROC
  106 00000010                 EXPORT           HardFault_Handler         [WEAK
]
  107 00000010 E7FE            B                .
  108 00000012                 ENDP
  110 00000012         MemManage_Handler
                               PROC
  111 00000012                 EXPORT           MemManage_Handler         [WEAK
]
  112 00000012 E7FE            B                .
  113 00000014                 ENDP
  115 00000014         BusFault_Handler
                               PROC
  116 00000014                 EXPORT           BusFault_Handler          [WEAK
]
  117 00000014 E7FE            B                .
  118 00000016                 ENDP
  120 00000016         UsageFault_Handler
                               PROC
  121 00000016                 EXPORT           UsageFault_Handler        [WEAK
]
  122 00000016 E7FE            B                .
  123 00000018                 ENDP
  124 00000018         SVC_Handler
                               PROC
  125 00000018                 EXPORT           SVC_Handler               [WEAK
]
  126 00000018 E7FE            B                .
  127 0000001A                 ENDP
  129 0000001A         DebugMon_Handler
                               PROC
  130 0000001A                 EXPORT           DebugMon_Handler          [WEAK
]
  131 0000001A E7FE            B                .
  132 0000001C                 ENDP
  133 0000001C         
  134 0000001C         Default_Handler
                               PROC
  135 0000001C                 EXPORT           BLE_Handler               [WEAK
]
  136 0000001C                 EXPORT           DMAS_Handler             [WEAK]
  137 0000001C                 EXPORT           CPR_Handler           [WEAK]
  138 0000001C                 EXPORT           GPIO_Handler          [WEAK]
  139 0000001C                 EXPORT           RTC_Handler              [WEAK]
  140 0000001C                 EXPORT           TIMER0_Handler           [WEAK]
  141 0000001C                 EXPORT           TIMER1_Handler           [WEAK]
  142 0000001C                 EXPORT           TIMER2_Handler           [WEAK]



ARM Macro Assembler    Page 4 


  143 0000001C                 EXPORT           TIMER3_Handler           [WEAK]
  144 0000001C                 EXPORT           WDT_Handler                 [WE
AK]
  145 0000001C                 EXPORT           I2C_Handler              [WEAK]
  146 0000001C                 EXPORT           UART0_Handler             [WEAK
]
  147 0000001C                 EXPORT           UART1_Handler               [WE
AK]
  148 0000001C                 EXPORT           SPI0_Handler                [WE
AK]
  149 0000001C                 EXPORT           SPI1_Handler                [WE
AK]
  150 0000001C                 EXPORT           KBS_Handler                 [WE
AK]
  151 0000001C                 EXPORT           QDEC_Handler           [WEAK]
  152 0000001C                 EXPORT           GADC_Handler             [WEAK]
  153 0000001C                 EXPORT           SIM_Handler     [WEAK]
  154 0000001C                 EXPORT           AES_Handler     [WEAK]
  155 0000001C                 EXPORT           PendSV_Handler           [WEAK]
  156 0000001C                 EXPORT           SysTick_Handler             [WE
AK]
  157 0000001C         PendSV_Handler
  158 0000001C         SysTick_Handler
  159 0000001C         BLE_Handler
  160 0000001C         DMAS_Handler
  161 0000001C         CPR_Handler
  162 0000001C         GPIO_Handler
  163 0000001C         RTC_Handler
  164 0000001C         TIMER0_Handler
  165 0000001C         TIMER1_Handler
  166 0000001C         TIMER2_Handler
  167 0000001C         TIMER3_Handler
  168 0000001C         WDT_Handler
  169 0000001C         I2C_Handler
  170 0000001C         UART0_Handler
  171 0000001C         UART1_Handler
  172 0000001C         SPI0_Handler
  173 0000001C         SPI1_Handler
  174 0000001C         KBS_Handler
  175 0000001C         QDEC_Handler
  176 0000001C         GADC_Handler
  177 0000001C         SIM_Handler
  178 0000001C         AES_Handler
  179 0000001C E7FE            B                .
  180 0000001E                 ENDP
  181 0000001E         
  182 0000001E         
  183 0000001E 00 00           ALIGN
  184 00000020         
  185 00000020         ; User Initial Stack & Heap
  186 00000020         
  187 00000020                 IMPORT           __use_two_region_memory
  188 00000020                 EXPORT           __user_initial_stackheap
  189 00000020         __user_initial_stackheap
  190 00000020         
  191 00000020 4806            LDR              R0, =  Heap_Mem
  192 00000022 4907            LDR              R1, = (Stack_Mem + Stack_Size)
  193 00000024 4A05            LDR              R2, = (Heap_Mem +  Heap_Size)
  194 00000026 4B07            LDR              R3, = Stack_Mem



ARM Macro Assembler    Page 5 


  195 00000028 4770            BX               LR
  196 0000002A         
  197 0000002A 00 00           ALIGN
  198 0000002C         
  199 0000002C                 END
              4000013C 
              10000001 
              00000000 
              00000000 
              00000000 
              00000800 
              00000000 
Command Line: --debug --xref --diag_suppress=9931 --cpu=Cortex-M0 --apcs=interw
ork --depend=.\objects\startup_xinc.d -o.\objects\startup_xinc.o -IC:\Users\Adm
inistrator\Desktop\Infrared_tracking\RTE -IE:\keil\pack\ARM\CMSIS\5.6.0\Device\
ARM\ARMCM0\Include -IE:\keil\ARM\CMSIS\Include --predefine="__EVAL SETA 1" --pr
edefine="__UVISION_VERSION SETA 514" --predefine="ARMCM0 SETA 1" --list=.\listi
ngs\startup_xinc.lst startup\startup_xinc.s



ARM Macro Assembler    Page 1 Alphabetic symbol ordering
Relocatable symbols

STACK 00000000

Symbol: STACK
   Definitions
      At line 5 in file startup\startup_xinc.s
   Uses
      None
Comment: STACK unused
Stack_Mem 00000000

Symbol: Stack_Mem
   Definitions
      At line 6 in file startup\startup_xinc.s
   Uses
      At line 192 in file startup\startup_xinc.s
      At line 194 in file startup\startup_xinc.s

__initial_sp 00000800

Symbol: __initial_sp
   Definitions
      At line 7 in file startup\startup_xinc.s
   Uses
      At line 27 in file startup\startup_xinc.s
Comment: __initial_sp used once
3 symbols



ARM Macro Assembler    Page 1 Alphabetic symbol ordering
Relocatable symbols

HEAP 00000000

Symbol: HEAP
   Definitions
      At line 11 in file startup\startup_xinc.s
   Uses
      None
Comment: HEAP unused
Heap_Mem 00000000

Symbol: Heap_Mem
   Definitions
      At line 13 in file startup\startup_xinc.s
   Uses
      At line 191 in file startup\startup_xinc.s
      At line 193 in file startup\startup_xinc.s

__heap_base 00000000

Symbol: __heap_base
   Definitions
      At line 12 in file startup\startup_xinc.s
   Uses
      None
Comment: __heap_base unused
__heap_limit 00000000

Symbol: __heap_limit
   Definitions
      At line 14 in file startup\startup_xinc.s
   Uses
      None
Comment: __heap_limit unused
4 symbols



ARM Macro Assembler    Page 1 Alphabetic symbol ordering
Relocatable symbols

RESET 00000000

Symbol: RESET
   Definitions
      At line 22 in file startup\startup_xinc.s
   Uses
      None
Comment: RESET unused
__Vectors 00000000

Symbol: __Vectors
   Definitions
      At line 27 in file startup\startup_xinc.s
   Uses
      At line 23 in file startup\startup_xinc.s
      At line 69 in file startup\startup_xinc.s

__Vectors_End 00000090

Symbol: __Vectors_End
   Definitions
      At line 67 in file startup\startup_xinc.s
   Uses
      At line 24 in file startup\startup_xinc.s
      At line 69 in file startup\startup_xinc.s

3 symbols



ARM Macro Assembler    Page 1 Alphabetic symbol ordering
Relocatable symbols

.text 00000000

Symbol: .text
   Definitions
      At line 73 in file startup\startup_xinc.s
   Uses
      None
Comment: .text unused
AES_Handler 0000001C

Symbol: AES_Handler
   Definitions
      At line 178 in file startup\startup_xinc.s
   Uses
      At line 65 in file startup\startup_xinc.s
      At line 154 in file startup\startup_xinc.s

BLE_Handler 0000001C

Symbol: BLE_Handler
   Definitions
      At line 159 in file startup\startup_xinc.s
   Uses
      At line 46 in file startup\startup_xinc.s
      At line 135 in file startup\startup_xinc.s

BusFault_Handler 00000014

Symbol: BusFault_Handler
   Definitions
      At line 115 in file startup\startup_xinc.s
   Uses
      At line 32 in file startup\startup_xinc.s
      At line 116 in file startup\startup_xinc.s

CPR_Handler 0000001C

Symbol: CPR_Handler
   Definitions
      At line 161 in file startup\startup_xinc.s
   Uses
      At line 48 in file startup\startup_xinc.s
      At line 137 in file startup\startup_xinc.s

DMAS_Handler 0000001C

Symbol: DMAS_Handler
   Definitions
      At line 160 in file startup\startup_xinc.s
   Uses
      At line 47 in file startup\startup_xinc.s
      At line 136 in file startup\startup_xinc.s

DebugMon_Handler 0000001A

Symbol: DebugMon_Handler
   Definitions
      At line 129 in file startup\startup_xinc.s
   Uses



ARM Macro Assembler    Page 2 Alphabetic symbol ordering
Relocatable symbols

      At line 39 in file startup\startup_xinc.s
      At line 130 in file startup\startup_xinc.s

Default_Handler 0000001C

Symbol: Default_Handler
   Definitions
      At line 134 in file startup\startup_xinc.s
   Uses
      None
Comment: Default_Handler unused
GADC_Handler 0000001C

Symbol: GADC_Handler
   Definitions
      At line 176 in file startup\startup_xinc.s
   Uses
      At line 63 in file startup\startup_xinc.s
      At line 152 in file startup\startup_xinc.s

GPIO_Handler 0000001C

Symbol: GPIO_Handler
   Definitions
      At line 162 in file startup\startup_xinc.s
   Uses
      At line 49 in file startup\startup_xinc.s
      At line 138 in file startup\startup_xinc.s

HardFault_Handler 00000010

Symbol: HardFault_Handler
   Definitions
      At line 105 in file startup\startup_xinc.s
   Uses
      At line 30 in file startup\startup_xinc.s
      At line 106 in file startup\startup_xinc.s

I2C_Handler 0000001C

Symbol: I2C_Handler
   Definitions
      At line 169 in file startup\startup_xinc.s
   Uses
      At line 56 in file startup\startup_xinc.s
      At line 145 in file startup\startup_xinc.s

KBS_Handler 0000001C

Symbol: KBS_Handler
   Definitions
      At line 174 in file startup\startup_xinc.s
   Uses
      At line 61 in file startup\startup_xinc.s
      At line 150 in file startup\startup_xinc.s

MemManage_Handler 00000012

Symbol: MemManage_Handler



ARM Macro Assembler    Page 3 Alphabetic symbol ordering
Relocatable symbols

   Definitions
      At line 110 in file startup\startup_xinc.s
   Uses
      At line 31 in file startup\startup_xinc.s
      At line 111 in file startup\startup_xinc.s

NMI_Handler 0000000E

Symbol: NMI_Handler
   Definitions
      At line 98 in file startup\startup_xinc.s
   Uses
      At line 29 in file startup\startup_xinc.s
      At line 99 in file startup\startup_xinc.s

PendSV_Handler 0000001C

Symbol: PendSV_Handler
   Definitions
      At line 157 in file startup\startup_xinc.s
   Uses
      At line 41 in file startup\startup_xinc.s
      At line 155 in file startup\startup_xinc.s

QDEC_Handler 0000001C

Symbol: QDEC_Handler
   Definitions
      At line 175 in file startup\startup_xinc.s
   Uses
      At line 62 in file startup\startup_xinc.s
      At line 151 in file startup\startup_xinc.s

RTC_Handler 0000001C

Symbol: RTC_Handler
   Definitions
      At line 163 in file startup\startup_xinc.s
   Uses
      At line 50 in file startup\startup_xinc.s
      At line 139 in file startup\startup_xinc.s

Reset_Handler 00000000

Symbol: Reset_Handler
   Definitions
      At line 76 in file startup\startup_xinc.s
   Uses
      At line 28 in file startup\startup_xinc.s
      At line 78 in file startup\startup_xinc.s

SIM_Handler 0000001C

Symbol: SIM_Handler
   Definitions
      At line 177 in file startup\startup_xinc.s
   Uses
      At line 64 in file startup\startup_xinc.s
      At line 153 in file startup\startup_xinc.s



ARM Macro Assembler    Page 4 Alphabetic symbol ordering
Relocatable symbols


SPI0_Handler 0000001C

Symbol: SPI0_Handler
   Definitions
      At line 172 in file startup\startup_xinc.s
   Uses
      At line 59 in file startup\startup_xinc.s
      At line 148 in file startup\startup_xinc.s

SPI1_Handler 0000001C

Symbol: SPI1_Handler
   Definitions
      At line 173 in file startup\startup_xinc.s
   Uses
      At line 60 in file startup\startup_xinc.s
      At line 149 in file startup\startup_xinc.s

SVC_Handler 00000018

Symbol: SVC_Handler
   Definitions
      At line 124 in file startup\startup_xinc.s
   Uses
      At line 38 in file startup\startup_xinc.s
      At line 125 in file startup\startup_xinc.s

SysTick_Handler 0000001C

Symbol: SysTick_Handler
   Definitions
      At line 158 in file startup\startup_xinc.s
   Uses
      At line 42 in file startup\startup_xinc.s
      At line 156 in file startup\startup_xinc.s

TIMER0_Handler 0000001C

Symbol: TIMER0_Handler
   Definitions
      At line 164 in file startup\startup_xinc.s
   Uses
      At line 51 in file startup\startup_xinc.s
      At line 140 in file startup\startup_xinc.s

TIMER1_Handler 0000001C

Symbol: TIMER1_Handler
   Definitions
      At line 165 in file startup\startup_xinc.s
   Uses
      At line 52 in file startup\startup_xinc.s
      At line 141 in file startup\startup_xinc.s

TIMER2_Handler 0000001C

Symbol: TIMER2_Handler
   Definitions



ARM Macro Assembler    Page 5 Alphabetic symbol ordering
Relocatable symbols

      At line 166 in file startup\startup_xinc.s
   Uses
      At line 53 in file startup\startup_xinc.s
      At line 142 in file startup\startup_xinc.s

TIMER3_Handler 0000001C

Symbol: TIMER3_Handler
   Definitions
      At line 167 in file startup\startup_xinc.s
   Uses
      At line 54 in file startup\startup_xinc.s
      At line 143 in file startup\startup_xinc.s

UART0_Handler 0000001C

Symbol: UART0_Handler
   Definitions
      At line 170 in file startup\startup_xinc.s
   Uses
      At line 57 in file startup\startup_xinc.s
      At line 146 in file startup\startup_xinc.s

UART1_Handler 0000001C

Symbol: UART1_Handler
   Definitions
      At line 171 in file startup\startup_xinc.s
   Uses
      At line 58 in file startup\startup_xinc.s
      At line 147 in file startup\startup_xinc.s

UsageFault_Handler 00000016

Symbol: UsageFault_Handler
   Definitions
      At line 120 in file startup\startup_xinc.s
   Uses
      At line 33 in file startup\startup_xinc.s
      At line 121 in file startup\startup_xinc.s

WDT_Handler 0000001C

Symbol: WDT_Handler
   Definitions
      At line 168 in file startup\startup_xinc.s
   Uses
      At line 55 in file startup\startup_xinc.s
      At line 144 in file startup\startup_xinc.s

__user_initial_stackheap 00000020

Symbol: __user_initial_stackheap
   Definitions
      At line 189 in file startup\startup_xinc.s
   Uses
      At line 188 in file startup\startup_xinc.s
Comment: __user_initial_stackheap used once
33 symbols



ARM Macro Assembler    Page 1 Alphabetic symbol ordering
Absolute symbols

Heap_Size 00000000

Symbol: Heap_Size
   Definitions
      At line 9 in file startup\startup_xinc.s
   Uses
      At line 13 in file startup\startup_xinc.s
      At line 193 in file startup\startup_xinc.s

Stack_Size 00000800

Symbol: Stack_Size
   Definitions
      At line 3 in file startup\startup_xinc.s
   Uses
      At line 6 in file startup\startup_xinc.s
      At line 192 in file startup\startup_xinc.s

__Vectors_Size 00000090

Symbol: __Vectors_Size
   Definitions
      At line 69 in file startup\startup_xinc.s
   Uses
      At line 25 in file startup\startup_xinc.s
Comment: __Vectors_Size used once
3 symbols



ARM Macro Assembler    Page 1 Alphabetic symbol ordering
External symbols

SystemInit 00000000

Symbol: SystemInit
   Definitions
      At line 80 in file startup\startup_xinc.s
   Uses
      At line 89 in file startup\startup_xinc.s
Comment: SystemInit used once
__main 00000000

Symbol: __main
   Definitions
      At line 81 in file startup\startup_xinc.s
   Uses
      At line 92 in file startup\startup_xinc.s
Comment: __main used once
__use_two_region_memory 00000000

Symbol: __use_two_region_memory
   Definitions
      At line 187 in file startup\startup_xinc.s
   Uses
      None
Comment: __use_two_region_memory unused
3 symbols
384 symbols in table
